  [4;36;1mSQL (0.2ms)[0m   [0;1m SELECT name
 FROM sqlite_master
 WHERE type = 'table' AND NOT name = 'sqlite_sequence'
[0m
  [4;35;1mSQL (0.1ms)[0m   [0mselect sqlite_version(*)[0m
  [4;36;1mSQL (3.2ms)[0m   [0;1mCREATE TABLE "schema_migrations" ("version" varchar(255) NOT NULL) [0m
  [4;35;1mSQL (3.4ms)[0m   [0mCREATE UNIQUE INDEX "unique_schema_migrations" ON "schema_migrations" ("version")[0m
  [4;36;1mSQL (0.2ms)[0m   [0;1m SELECT name
 FROM sqlite_master
 WHERE type = 'table' AND NOT name = 'sqlite_sequence'
[0m
  [4;35;1mSQL (0.1ms)[0m   [0mSELECT version FROM schema_migrations[0m
Migrating to CreateUsers (20100401194944)
  [4;36;1mSQL (0.4ms)[0m   [0;1mCREATE TABLE "users" ("id" INTEGER PRIMARY KEY AUTOINCREMENT NOT NULL, "login" varchar(255), "crypted_password" varchar(255), "password_salt" varchar(255), "persistence_token" varchar(255), "login_count" integer, "last_request_at" datetime, "last_login_at" datetime, "current_login_at" datetime, "last_login_ip" varchar(255), "current_login_ip" varchar(255), "created_at" datetime, "updated_at" datetime) [0m
  [4;35;1mSQL (0.1ms)[0m   [0mINSERT INTO schema_migrations (version) VALUES ('20100401194944')[0m
  [4;36;1mSQL (0.4ms)[0m   [0;1m SELECT name
 FROM sqlite_master
 WHERE type = 'table' AND NOT name = 'sqlite_sequence'
[0m
  [4;35;1mSQL (0.1ms)[0m   [0mSELECT version FROM schema_migrations[0m
  [4;36;1mSQL (0.1ms)[0m   [0;1m SELECT name
 FROM sqlite_master
 WHERE type = 'table' AND NOT name = 'sqlite_sequence'
[0m
  [4;35;1mSQL (0.0ms)[0m   [0mPRAGMA index_list("users")[0m


Processing ApplicationController#index (for 127.0.0.1 at 2010-04-01 21:51:47) [GET]

ActionController::RoutingError (No route matches "/" with {:method=>:get}):
  

Rendering rescues/layout (not_found)


Processing UsersController#new (for 127.0.0.1 at 2010-04-01 21:51:54) [GET]
  Parameters: {"action"=>"new", "controller"=>"users"}
Rendering users/new
Rendered users/_form (14.2ms)
Completed in 101ms (View: 26, DB: 0) | 200 OK [http://localhost/signup]


Processing UsersController#create (for 127.0.0.1 at 2010-04-01 21:52:03) [POST]
  Parameters: {"commit"=>"Register", "action"=>"create", "authenticity_token"=>"YtlDyKPWPOgIS2F4Y6P6/rlsap07sHU+4i8qyQnvW4o=", "controller"=>"users", "user"=>{"password_confirmation"=>"[FILTERED]", "password"=>"[FILTERED]", "login"=>"admin"}}
  [4;36;1mUser Load (0.2ms)[0m   [0;1mSELECT "users".id FROM "users" WHERE (LOWER("users"."login") = 'admin') LIMIT 1[0m
  [4;35;1mUser Load (0.1ms)[0m   [0mSELECT "users".id FROM "users" WHERE ("users"."persistence_token" = 'b7b60c4ba3b8af0bd6d79cb1834c2d07f0cd196cf867f8698117803a973f3f0e84f27e2bb48b94ec08c0547cce93ac8e69564719a455cd505d8659d251582348') LIMIT 1[0m
  [4;36;1mUser Create (0.4ms)[0m   [0;1mINSERT INTO "users" ("last_request_at", "created_at", "crypted_password", "updated_at", "current_login_ip", "password_salt", "current_login_at", "persistence_token", "login_count", "last_login_ip", "login", "last_login_at") VALUES('2010-04-01 19:52:03', '2010-04-01 19:52:03', 'a4b25c1ff00f479e1c39fb164d4354050931c08bf7aec9a6378f2f43797b9051d87dacc5aeb1067bb46e598b54bef59f37d4e83ba02679d353432b2f07c48f3c', '2010-04-01 19:52:03', '127.0.0.1', 'RA_md1Hvb1vd_57Zb2Wk', '2010-04-01 19:52:03', 'b7b60c4ba3b8af0bd6d79cb1834c2d07f0cd196cf867f8698117803a973f3f0e84f27e2bb48b94ec08c0547cce93ac8e69564719a455cd505d8659d251582348', 1, NULL, 'admin', NULL)[0m
Redirected to http://localhost:3000/account
Completed in 623ms (DB: 1) | 302 Found [http://localhost/signup]


Processing UsersController#show (for 127.0.0.1 at 2010-04-01 21:52:03) [GET]
  Parameters: {"action"=>"show", "controller"=>"users"}
  [4;35;1mUser Load (0.4ms)[0m   [0mSELECT * FROM "users" WHERE ("users"."persistence_token" = 'b7b60c4ba3b8af0bd6d79cb1834c2d07f0cd196cf867f8698117803a973f3f0e84f27e2bb48b94ec08c0547cce93ac8e69564719a455cd505d8659d251582348') LIMIT 1[0m
  [4;36;1mUser Update (0.3ms)[0m   [0;1mUPDATE "users" SET "updated_at" = '2010-04-01 19:52:03', "last_request_at" = '2010-04-01 19:52:03' WHERE "id" = 1[0m
Rendering users/show
Completed in 104ms (View: 6, DB: 1) | 200 OK [http://localhost/account]


Processing UsersController#show (for 127.0.0.1 at 2010-04-01 21:52:08) [GET]
  Parameters: {"action"=>"show", "controller"=>"users"}
  [4;35;1mUser Load (0.3ms)[0m   [0mSELECT * FROM "users" WHERE ("users"."persistence_token" = 'b7b60c4ba3b8af0bd6d79cb1834c2d07f0cd196cf867f8698117803a973f3f0e84f27e2bb48b94ec08c0547cce93ac8e69564719a455cd505d8659d251582348') LIMIT 1[0m
  [4;36;1mUser Update (0.3ms)[0m   [0;1mUPDATE "users" SET "updated_at" = '2010-04-01 19:52:08', "last_request_at" = '2010-04-01 19:52:08' WHERE "id" = 1[0m
Rendering users/show
Completed in 57ms (View: 1, DB: 1) | 200 OK [http://localhost/account]


Processing UserSessionsController#destroy (for 127.0.0.1 at 2010-04-01 21:52:20) [GET]
  Parameters: {"action"=>"destroy", "controller"=>"user_sessions"}
  [4;35;1mUser Load (0.4ms)[0m   [0mSELECT * FROM "users" WHERE ("users"."persistence_token" = 'b7b60c4ba3b8af0bd6d79cb1834c2d07f0cd196cf867f8698117803a973f3f0e84f27e2bb48b94ec08c0547cce93ac8e69564719a455cd505d8659d251582348') LIMIT 1[0m
  [4;36;1mUser Update (0.3ms)[0m   [0;1mUPDATE "users" SET "updated_at" = '2010-04-01 19:52:20', "last_request_at" = '2010-04-01 19:52:20' WHERE "id" = 1[0m
Redirected to http://localhost:3000/login
Completed in 132ms (DB: 1) | 302 Found [http://localhost/logout]


Processing UserSessionsController#new (for 127.0.0.1 at 2010-04-01 21:52:20) [GET]
  Parameters: {"action"=>"new", "controller"=>"user_sessions"}
Rendering user_sessions/new
Completed in 16ms (View: 7, DB: 0) | 200 OK [http://localhost/login]


Processing UserSessionsController#create (for 127.0.0.1 at 2010-04-01 21:52:26) [POST]
  Parameters: {"commit"=>"Login", "user_session"=>{"password"=>"[FILTERED]", "login"=>"admin"}, "action"=>"create", "authenticity_token"=>"YtlDyKPWPOgIS2F4Y6P6/rlsap07sHU+4i8qyQnvW4o=", "controller"=>"user_sessions"}
  [4;35;1mUser Load (0.4ms)[0m   [0mSELECT * FROM "users" WHERE (LOWER("users".login) = 'admin') LIMIT 1[0m
  [4;36;1mUser Update (0.3ms)[0m   [0;1mUPDATE "users" SET "login_count" = 2, "updated_at" = '2010-04-01 19:52:26', "last_request_at" = '2010-04-01 19:52:26', "last_login_at" = '2010-04-01 19:52:03', "last_login_ip" = '127.0.0.1', "current_login_at" = '2010-04-01 19:52:26' WHERE "id" = 1[0m
Redirected to http://localhost:3000/account
Completed in 18ms (DB: 1) | 302 Found [http://localhost/login]


Processing UsersController#show (for 127.0.0.1 at 2010-04-01 21:52:26) [GET]
  Parameters: {"action"=>"show", "controller"=>"users"}
  [4;35;1mUser Load (0.3ms)[0m   [0mSELECT * FROM "users" WHERE ("users"."id" = '1') LIMIT 1[0m
  [4;36;1mUser Update (0.3ms)[0m   [0;1mUPDATE "users" SET "updated_at" = '2010-04-01 19:52:26', "last_request_at" = '2010-04-01 19:52:26' WHERE "id" = 1[0m
Rendering users/show
Completed in 18ms (View: 1, DB: 1) | 200 OK [http://localhost/account]


Processing UserSessionsController#destroy (for 127.0.0.1 at 2010-04-01 22:07:12) [GET]
  Parameters: {"action"=>"destroy", "controller"=>"user_sessions"}
  [4;35;1mUser Load (0.3ms)[0m   [0mSELECT * FROM "users" WHERE ("users"."id" = '1') LIMIT 1[0m
  [4;36;1mUser Update (0.3ms)[0m   [0;1mUPDATE "users" SET "updated_at" = '2010-04-01 20:07:12', "last_request_at" = '2010-04-01 20:07:12' WHERE "id" = 1[0m
Redirected to http://localhost:3000/login
Completed in 53ms (DB: 1) | 302 Found [http://localhost/logout]


Processing UserSessionsController#new (for 127.0.0.1 at 2010-04-01 22:07:12) [GET]
  Parameters: {"action"=>"new", "controller"=>"user_sessions"}
Rendering user_sessions/new

ActionView::TemplateError (undefined method `oauth_register_button' for #<ActionView::Base:0x1035d6c50>) on line #17 of app/views/user_sessions/new.html.haml:
14:     = f.submit "Login"
15: 
16:   %p
17:     = oauth_register_button :value => "Register with Twitter"
18:     = oauth_login_button :value => "Login with Twitter"

    app/views/user_sessions/new.html.haml:17:in `_run_haml_app47views47user_sessions47new46html46haml'
    haml (2.2.22) lib/haml/helpers/action_view_mods.rb:203:in `call'
    haml (2.2.22) lib/haml/helpers/action_view_mods.rb:203:in `form_for'
    haml (2.2.22) lib/haml/helpers.rb:573:in `call'
    haml (2.2.22) lib/haml/helpers.rb:573:in `haml_bind_proc'
    haml (2.2.22) lib/haml/helpers/action_view_mods.rb:209:in `form_for'
    app/views/user_sessions/new.html.haml:3:in `_run_haml_app47views47user_sessions47new46html46haml'
    haml (2.2.22) lib/haml/helpers/action_view_mods.rb:13:in `render'
    haml (2.2.22) lib/sass/plugin/rails.rb:20:in `process'

Rendered rescues/_trace (36.9ms)
Rendered rescues/_request_and_response (1.0ms)
Rendering rescues/layout (internal_server_error)


Processing UserSessionsController#new (for 127.0.0.1 at 2010-04-01 22:10:33) [GET]
  Parameters: {"action"=>"new", "controller"=>"user_sessions"}
Rendering user_sessions/new
Completed in 23ms (View: 14, DB: 0) | 200 OK [http://localhost/login]
